Building DAG of jobs...
Using shell: /usr/bin/bash
Provided cores: 12
Rules claiming more threads will be scaled down.
Conda environments: ignored
Job counts:
	count	jobs
	1	multiqc
	1
Select jobs to execute...

[Thu Jan 20 15:41:14 2022]
rule multiqc:
    input: /prj/LZ_PR2B_rewiring/PR2B_Oct21/analysis/data/p1053c1/p1053c1_fastqc.html, /prj/LZ_PR2B_rewiring/PR2B_Oct21/analysis/data/p1053c2/p1053c2_fastqc.html, /prj/LZ_PR2B_rewiring/PR2B_Oct21/analysis/data/p1095c1/p1095c1_fastqc.html, /prj/LZ_PR2B_rewiring/PR2B_Oct21/analysis/data/p1095c2/p1095c2_fastqc.html
    output: /prj/LZ_PR2B_rewiring/PR2B_Oct21/analysis/data/multiqc_report.html
    jobid: 0
    wildcards: data_base=/prj/LZ_PR2B_rewiring/PR2B_Oct21/analysis/data

echo $PATH
Activating environment modules: multiqc/1.9
python -c "import sys; print('.'.join(map(str, sys.version_info[:2])))"
Activating environment modules: multiqc/1.9
python /beegfs/prj/LZ_PR2B_rewiring/PR2B_Oct21/iCell8tools/scripts/.snakemake/scripts/tmpa0gujie7.wrapper.py
Activating environment modules: multiqc/1.9
multiqc  --force -o /prj/LZ_PR2B_rewiring/PR2B_Oct21/analysis/data -n multiqc_report.html /prj/LZ_PR2B_rewiring/PR2B_Oct21/analysis/data/p1053c1 /prj/LZ_PR2B_rewiring/PR2B_Oct21/analysis/data/p1095c2 /prj/LZ_PR2B_rewiring/PR2B_Oct21/analysis/data/p1095c1 /prj/LZ_PR2B_rewiring/PR2B_Oct21/analysis/data/p1053c2 
[INFO   ]         multiqc : This is MultiQC v1.9
[INFO   ]         multiqc : Template    : default
[INFO   ]         multiqc : Searching   : /prj/LZ_PR2B_rewiring/PR2B_Oct21/analysis/data/p1053c1
[INFO   ]         multiqc : Searching   : /prj/LZ_PR2B_rewiring/PR2B_Oct21/analysis/data/p1095c2
[INFO   ]         multiqc : Searching   : /prj/LZ_PR2B_rewiring/PR2B_Oct21/analysis/data/p1095c1
[INFO   ]         multiqc : Searching   : /prj/LZ_PR2B_rewiring/PR2B_Oct21/analysis/data/p1053c2
[INFO   ]          fastqc : Found 4 reports
[INFO   ]         multiqc : Compressing plot data
[INFO   ]         multiqc : Report      : ../../../../../../prj/LZ_PR2B_rewiring/PR2B_Oct21/analysis/data/multiqc_report.html
[INFO   ]         multiqc : Data        : ../../../../../../prj/LZ_PR2B_rewiring/PR2B_Oct21/analysis/data/multiqc_report_data
[INFO   ]         multiqc : MultiQC complete
[Thu Jan 20 15:41:26 2022]
Finished job 0.
1 of 1 steps (100%) done
